<?xml version="1.0" encoding="UTF-8"?>
<!-- Generated by org.testng.reporters.JUnitXMLReporter -->
<testsuite hostname="RCHENNUB-LAP" ignored="0" name="Default test" tests="4" failures="0" timestamp="23 Dec 2018 02:53:48 GMT" time="48.904" errors="0">
  <testcase name="verifyLinkedinLandingRegSection" time="0.094" classname="org.qa.linkedin.testcase.LinkedinLandingTest"/>
  <testcase name="verifyLinkedinLandingTitle" time="0.017" classname="org.qa.linkedin.testcase.LinkedinLandingTest"/>
  <testcase name="verifyLinkedinLoginSection" time="0.07" classname="org.qa.linkedin.testcase.LinkedinLandingTest"/>
  <testcase name="verifyLinkedinLogoTest" time="0.067" classname="org.qa.linkedin.testcase.LinkedinLandingTest"/>
</testsuite> <!-- Default test -->
