<?xml version="1.0" encoding="UTF-8"?>
<!-- Generated by org.testng.reporters.JUnitXMLReporter -->
<testsuite hostname="RCHENNUB-LAP" ignored="0" name="HybridPomTest" tests="10" failures="0" timestamp="26 Dec 2018 02:04:02 GMT" time="69.682" errors="0">
  <testcase name="verifyLinkedinLandingForgotPwdLink" time="2.905" classname="org.qa.linkedin.testcase.LinkedinLandingTest"/>
  <testcase name="verifyLinkedinLandingRegSection" time="1.64" classname="org.qa.linkedin.testcase.LinkedinLandingTest"/>
  <testcase name="verifyLinkedinLandingTitle" time="0.007" classname="org.qa.linkedin.testcase.LinkedinLandingTest"/>
  <testcase name="verifyLinkedinLoginSection" time="0.077" classname="org.qa.linkedin.testcase.LinkedinLandingTest"/>
  <testcase name="verifyLinkedinLogoTest" time="0.07" classname="org.qa.linkedin.testcase.LinkedinLandingTest"/>
  <testcase name="validateLoginTest" time="17.507" classname="org.qa.linkedin.testcase.SearchTest"/>
  <testcase name="searchTest" time="4.284" classname="org.qa.linkedin.testcase.SearchTest"/>
  <testcase name="searchTest" time="5.348" classname="org.qa.linkedin.testcase.SearchTest"/>
  <testcase name="searchTest" time="4.185" classname="org.qa.linkedin.testcase.SearchTest"/>
  <testcase name="searchTest" time="4.463" classname="org.qa.linkedin.testcase.SearchTest"/>
</testsuite> <!-- HybridPomTest -->
